\BOOKMARK [0][-]{section*.1}{Abstract}{}% 1
\BOOKMARK [0][-]{chapter*.5}{Table Of Contents}{}% 2
\BOOKMARK [0][-]{chapter*.7}{List of Figures}{}% 3
\BOOKMARK [0][-]{chapter*.9}{List of Tables}{}% 4
\BOOKMARK [0][-]{section*.10}{List of Acronyms}{}% 5
\BOOKMARK [0][-]{chapter.1}{Introduction}{}% 6
\BOOKMARK [1][-]{section.1.1}{In Context of Systems Security Engineering}{chapter.1}% 7
\BOOKMARK [1][-]{section.1.2}{System-Theoretic Operational Risk Management \(STORM\)}{chapter.1}% 8
\BOOKMARK [1][-]{section.1.3}{Extending The Range of Applicability}{chapter.1}% 9
\BOOKMARK [1][-]{section.1.4}{This Master Thesis}{chapter.1}% 10
\BOOKMARK [0][-]{chapter.2}{Background And Introduction to STORM}{}% 11
\BOOKMARK [1][-]{section.2.1}{Systems Engineering}{chapter.2}% 12
\BOOKMARK [1][-]{section.2.2}{Systems Security Engineering}{chapter.2}% 13
\BOOKMARK [2][-]{subsection.2.2.1}{Systems Security Engineering Framework}{section.2.2}% 14
\BOOKMARK [3][-]{subsubsection.2.2.1.1}{Conforming to The SSE Framework}{subsection.2.2.1}% 15
\BOOKMARK [1][-]{section.2.3}{STORM}{chapter.2}% 16
\BOOKMARK [2][-]{subsection.2.3.1}{STAMP}{section.2.3}% 17
\BOOKMARK [2][-]{subsection.2.3.2}{STPA/STPA-Sec}{section.2.3}% 18
\BOOKMARK [1][-]{section.2.4}{STPA/STPA-Sec Overview: Four Steps}{chapter.2}% 19
\BOOKMARK [2][-]{subsection.2.4.1}{CSBD}{section.2.4}% 20
\BOOKMARK [3][-]{subsubsection.2.4.1.1}{Confidentiality, Integrity, and Availability \(CIA\) }{subsection.2.4.1}% 21
\BOOKMARK [3][-]{subsubsection.2.4.1.2}{Complete Mediation}{subsection.2.4.1}% 22
\BOOKMARK [3][-]{subsubsection.2.4.1.3}{Secure State Machines as Transition Systems }{subsection.2.4.1}% 23
\BOOKMARK [1][-]{section.2.5}{Patrol Base Operations}{chapter.2}% 24
\BOOKMARK [0][-]{chapter.3}{Certified Security by Design \(CSBD\) \046 Access-Control Logic \(ACL\)}{}% 25
\BOOKMARK [1][-]{section.3.1}{Certified Security by Design \(CSBD\)}{chapter.3}% 26
\BOOKMARK [1][-]{section.3.2}{Access-Control Logic \(ACL\)}{chapter.3}% 27
\BOOKMARK [2][-]{subsection.3.2.1}{ACL: A Command and Control \(C2\) Calculus}{section.3.2}% 28
\BOOKMARK [2][-]{subsection.3.2.2}{Principals}{section.3.2}% 29
\BOOKMARK [2][-]{subsection.3.2.3}{Propositional Variables, Requests, Authority, Jurisdiction, and Delegation}{section.3.2}% 30
\BOOKMARK [2][-]{subsection.3.2.4}{Well-formed Formulas}{section.3.2}% 31
\BOOKMARK [2][-]{subsection.3.2.5}{Kripke Structures \046 Semantics}{section.3.2}% 32
\BOOKMARK [3][-]{subsubsection.3.2.5.1}{Kripke Structures}{subsection.3.2.5}% 33
\BOOKMARK [3][-]{subsubsection.3.2.5.2}{Kripke Semantics}{subsection.3.2.5}% 34
\BOOKMARK [3][-]{subsubsection.3.2.5.3}{Satisfies}{subsection.3.2.5}% 35
\BOOKMARK [3][-]{subsubsection.3.2.5.4}{Soundness}{subsection.3.2.5}% 36
\BOOKMARK [2][-]{subsection.3.2.6}{Inference Rules}{section.3.2}% 37
\BOOKMARK [2][-]{subsection.3.2.7}{Complete mediation}{section.3.2}% 38
\BOOKMARK [1][-]{section.3.3}{ACL in HOL}{chapter.3}% 39
\BOOKMARK [2][-]{subsection.3.3.1}{Principals}{section.3.3}% 40
\BOOKMARK [2][-]{subsection.3.3.2}{Well-Formed Formulas}{section.3.3}% 41
\BOOKMARK [2][-]{subsection.3.3.3}{Kripke structures}{section.3.3}% 42
\BOOKMARK [2][-]{subsection.3.3.4}{ACL Formulas}{section.3.3}% 43
\BOOKMARK [2][-]{subsection.3.3.5}{Kripke Semantics: The Evaluation Function}{section.3.3}% 44
\BOOKMARK [2][-]{subsection.3.3.6}{Satisfies And Soundness}{section.3.3}% 45
\BOOKMARK [0][-]{chapter.4}{Patrol Base Operations}{}% 46
\BOOKMARK [1][-]{section.4.1}{Patrol Base Operations}{chapter.4}% 47
\BOOKMARK [1][-]{section.4.2}{Overview of The Model}{chapter.4}% 48
\BOOKMARK [1][-]{section.4.3}{Hierarchy of Secure State Machines}{chapter.4}% 49
\BOOKMARK [2][-]{subsection.4.3.1}{Diagrammatic Description in Visio}{section.4.3}% 50
\BOOKMARK [2][-]{subsection.4.3.2}{Descriptions of Individual Modules}{section.4.3}% 51
\BOOKMARK [2][-]{subsection.4.3.3}{OMNI-Level}{section.4.3}% 52
\BOOKMARK [2][-]{subsection.4.3.4}{Escape}{section.4.3}% 53
\BOOKMARK [2][-]{subsection.4.3.5}{Top Level}{section.4.3}% 54
\BOOKMARK [2][-]{subsection.4.3.6}{Horizontal Slice}{section.4.3}% 55
\BOOKMARK [3][-]{subsubsection.4.3.6.1}{ssmPlanPB}{subsection.4.3.6}% 56
\BOOKMARK [3][-]{subsubsection.4.3.6.2}{ssmMoveToORP}{subsection.4.3.6}% 57
\BOOKMARK [3][-]{subsubsection.4.3.6.3}{ssmConductORP}{subsection.4.3.6}% 58
\BOOKMARK [3][-]{subsubsection.4.3.6.4}{ssmMoveToPB}{subsection.4.3.6}% 59
\BOOKMARK [3][-]{subsubsection.4.3.6.5}{ssmConductPB}{subsection.4.3.6}% 60
\BOOKMARK [2][-]{subsection.4.3.7}{Vertical Slice}{section.4.3}% 61
\BOOKMARK [3][-]{subsubsection.4.3.7.1}{ssmSecureHalt}{subsection.4.3.7}% 62
\BOOKMARK [3][-]{subsubsection.4.3.7.2}{ssmORPRecon}{subsection.4.3.7}% 63
\BOOKMARK [3][-]{subsubsection.4.3.7.3}{ssmMoveToORP4L}{subsection.4.3.7}% 64
\BOOKMARK [3][-]{subsubsection.4.3.7.4}{ssmFormRT}{subsection.4.3.7}% 65
\BOOKMARK [0][-]{chapter.5}{Secure State Machine Model}{}% 66
\BOOKMARK [1][-]{section.5.1}{State Machines}{chapter.5}% 67
\BOOKMARK [2][-]{subsection.5.1.1}{States}{section.5.1}% 68
\BOOKMARK [2][-]{subsection.5.1.2}{Transition Commands}{section.5.1}% 69
\BOOKMARK [2][-]{subsection.5.1.3}{Next-state Function}{section.5.1}% 70
\BOOKMARK [2][-]{subsection.5.1.4}{Next-output Function}{section.5.1}% 71
\BOOKMARK [2][-]{subsection.5.1.5}{Configuration}{section.5.1}% 72
\BOOKMARK [2][-]{subsection.5.1.6}{TR Relations}{section.5.1}% 73
\BOOKMARK [1][-]{section.5.2}{Secure State Machines}{chapter.5}% 74
\BOOKMARK [2][-]{subsection.5.2.1}{State Machine Versus Secure State Machine}{section.5.2}% 75
\BOOKMARK [2][-]{subsection.5.2.2}{Monitors}{section.5.2}% 76
\BOOKMARK [2][-]{subsection.5.2.3}{Transition Types}{section.5.2}% 77
\BOOKMARK [2][-]{subsection.5.2.4}{Commands}{section.5.2}% 78
\BOOKMARK [2][-]{subsection.5.2.5}{Principals And Requests}{section.5.2}% 79
\BOOKMARK [2][-]{subsection.5.2.6}{Authentication}{section.5.2}% 80
\BOOKMARK [2][-]{subsection.5.2.7}{Authorization}{section.5.2}% 81
\BOOKMARK [2][-]{subsection.5.2.8}{Next-state And Next-output Functions}{section.5.2}% 82
\BOOKMARK [2][-]{subsection.5.2.9}{Configurations}{section.5.2}% 83
\BOOKMARK [2][-]{subsection.5.2.10}{TR Relations}{section.5.2}% 84
\BOOKMARK [2][-]{subsection.5.2.11}{Configuration Interpretation}{section.5.2}% 85
\BOOKMARK [1][-]{section.5.3}{Secure State Machines in HOL}{chapter.5}% 86
\BOOKMARK [2][-]{subsection.5.3.1}{Parameterizable Secure State Machine}{section.5.3}% 87
\BOOKMARK [2][-]{subsection.5.3.2}{Input Stream}{section.5.3}% 88
\BOOKMARK [2][-]{subsection.5.3.3}{Commands}{section.5.3}% 89
\BOOKMARK [3][-]{subsubsection.5.3.3.1}{Transition Types}{subsection.5.3.3}% 90
\BOOKMARK [2][-]{subsection.5.3.4}{Authentication}{section.5.3}% 91
\BOOKMARK [2][-]{subsection.5.3.5}{Authorization}{section.5.3}% 92
\BOOKMARK [2][-]{subsection.5.3.6}{Next-state And Next-output Functions}{section.5.3}% 93
\BOOKMARK [2][-]{subsection.5.3.7}{Configurations}{section.5.3}% 94
\BOOKMARK [2][-]{subsection.5.3.8}{Configuration Interpretation}{section.5.3}% 95
\BOOKMARK [2][-]{subsection.5.3.9}{TR Rules}{section.5.3}% 96
\BOOKMARK [0][-]{chapter.6}{Patrol Base Operations as Secure State Machines}{}% 97
\BOOKMARK [1][-]{section.6.1}{ssmPB: A Typical Example from the Hierarchy}{chapter.6}% 98
\BOOKMARK [2][-]{subsection.6.1.1}{Principals}{section.6.1}% 99
\BOOKMARK [2][-]{subsection.6.1.2}{States}{section.6.1}% 100
\BOOKMARK [2][-]{subsection.6.1.3}{Outputs}{section.6.1}% 101
\BOOKMARK [2][-]{subsection.6.1.4}{Commands}{section.6.1}% 102
\BOOKMARK [2][-]{subsection.6.1.5}{Next-State Function}{section.6.1}% 103
\BOOKMARK [2][-]{subsection.6.1.6}{Next-Output Function}{section.6.1}% 104
\BOOKMARK [2][-]{subsection.6.1.7}{Authentication}{section.6.1}% 105
\BOOKMARK [2][-]{subsection.6.1.8}{Authorization}{section.6.1}% 106
\BOOKMARK [2][-]{subsection.6.1.9}{Proved Theorems}{section.6.1}% 107
\BOOKMARK [1][-]{section.6.2}{ssmConductORP: Multiple Principals}{chapter.6}% 108
\BOOKMARK [2][-]{subsection.6.2.1}{Principals}{section.6.2}% 109
\BOOKMARK [2][-]{subsection.6.2.2}{States}{section.6.2}% 110
\BOOKMARK [2][-]{subsection.6.2.3}{Outputs}{section.6.2}% 111
\BOOKMARK [2][-]{subsection.6.2.4}{Commands}{section.6.2}% 112
\BOOKMARK [2][-]{subsection.6.2.5}{Next-State Function}{section.6.2}% 113
\BOOKMARK [2][-]{subsection.6.2.6}{Next-Output Function}{section.6.2}% 114
\BOOKMARK [2][-]{subsection.6.2.7}{Authentication}{section.6.2}% 115
\BOOKMARK [2][-]{subsection.6.2.8}{Authorization}{section.6.2}% 116
\BOOKMARK [2][-]{subsection.6.2.9}{Proved Theorems}{section.6.2}% 117
\BOOKMARK [1][-]{section.6.3}{ssmPlanPB: Non-sequential Transitions}{chapter.6}% 118
\BOOKMARK [2][-]{subsection.6.3.1}{Principals}{section.6.3}% 119
\BOOKMARK [2][-]{subsection.6.3.2}{States}{section.6.3}% 120
\BOOKMARK [2][-]{subsection.6.3.3}{Output}{section.6.3}% 121
\BOOKMARK [2][-]{subsection.6.3.4}{Commands}{section.6.3}% 122
\BOOKMARK [2][-]{subsection.6.3.5}{Next-State Function}{section.6.3}% 123
\BOOKMARK [2][-]{subsection.6.3.6}{Next-Output Function}{section.6.3}% 124
\BOOKMARK [2][-]{subsection.6.3.7}{Authentication}{section.6.3}% 125
\BOOKMARK [2][-]{subsection.6.3.8}{Authorization}{section.6.3}% 126
\BOOKMARK [2][-]{subsection.6.3.9}{Proved Theorems}{section.6.3}% 127
\BOOKMARK [0][-]{chapter.7}{Discussion}{}% 128
\BOOKMARK [1][-]{section.7.1}{STPA Analysis}{chapter.7}% 129
\BOOKMARK [1][-]{section.7.2}{CSBD Analysis}{chapter.7}% 130
\BOOKMARK [2][-]{subsection.7.2.1}{Authentication}{section.7.2}% 131
\BOOKMARK [2][-]{subsection.7.2.2}{Roles}{section.7.2}% 132
\BOOKMARK [1][-]{section.7.3}{Soldier, Squad, and Platoon Theories}{chapter.7}% 133
\BOOKMARK [1][-]{section.7.4}{Non-sequential Variations}{chapter.7}% 134
\BOOKMARK [1][-]{section.7.5}{Concluding Comments}{chapter.7}% 135
\BOOKMARK [0][-]{chapter.8}{Future Work}{}% 136
\BOOKMARK [1][-]{section.8.1}{Patrol Base Operations}{chapter.8}% 137
\BOOKMARK [1][-]{section.8.2}{Automation}{chapter.8}% 138
\BOOKMARK [2][-]{subsection.8.2.1}{STORM}{section.8.2}% 139
\BOOKMARK [0][-]{section*.64}{Appendices}{}% 140
\BOOKMARK [0][-]{Appendix.a.A}{Background}{}% 141
\BOOKMARK [1][-]{section.a.A.1}{Formal Methods}{Appendix.a.A}% 142
\BOOKMARK [1][-]{section.a.A.2}{Functional Programming}{Appendix.a.A}% 143
\BOOKMARK [1][-]{section.a.A.3}{Algebraic Data Types in ML}{Appendix.a.A}% 144
\BOOKMARK [1][-]{section.a.A.4}{Higher Order Logic \(HOL\) Interactive Theorem Prover}{Appendix.a.A}% 145
\BOOKMARK [1][-]{section.a.A.5}{Other Interactive Theorem Provers}{Appendix.a.A}% 146
\BOOKMARK [1][-]{section.a.A.6}{How to Compile The Included Files}{Appendix.a.A}% 147
\BOOKMARK [0][-]{Appendix.a.B}{Access Control Logic Theories: Pretty-Printed Theories}{}% 148
\BOOKMARK [0][-]{Appendix.a.C}{Parametrizable Secure State Machine \046 Patrol Base Operations: Pretty-Printed Theories }{}% 149
\BOOKMARK [0][-]{Appendix.a.D}{Parametrizable Secure State Machine Theories: HOL Script Files}{}% 150
\BOOKMARK [1][-]{section.a.D.1}{ssm}{Appendix.a.D}% 151
\BOOKMARK [1][-]{section.a.D.2}{satList}{Appendix.a.D}% 152
\BOOKMARK [0][-]{Appendix.a.E}{Secure State Machine Theories Applied to Patrol Base Operations: HOL Script Files}{}% 153
\BOOKMARK [1][-]{section.a.E.1}{OMNILevel}{Appendix.a.E}% 154
\BOOKMARK [1][-]{section.a.E.2}{escapeLevel}{Appendix.a.E}% 155
\BOOKMARK [1][-]{section.a.E.3}{TopLevel}{Appendix.a.E}% 156
\BOOKMARK [2][-]{subsection.a.E.3.1}{PBTypeIntegrated Theory: Type Definitions}{section.a.E.3}% 157
\BOOKMARK [2][-]{subsection.a.E.3.2}{PBIntegratedDef Theory: Authentication \046 Authorization Definitions}{section.a.E.3}% 158
\BOOKMARK [2][-]{subsection.a.E.3.3}{ssmPlanPBIntegrated Theory: Theorems}{section.a.E.3}% 159
\BOOKMARK [1][-]{section.a.E.4}{Horizontal Slice}{Appendix.a.E}% 160
\BOOKMARK [2][-]{subsection.a.E.4.1}{ssmPlanPB}{section.a.E.4}% 161
\BOOKMARK [3][-]{subsubsection.a.E.4.1.1}{PlanPBType Theory: Type Definitions}{subsection.a.E.4.1}% 162
\BOOKMARK [3][-]{subsubsection.a.E.4.1.2}{PlanPBDef Theory: Authentication \046 Authorization Definitions}{subsection.a.E.4.1}% 163
\BOOKMARK [3][-]{subsubsection.a.E.4.1.3}{ssmPlanPB Theory: Theorems}{subsection.a.E.4.1}% 164
\BOOKMARK [2][-]{subsection.a.E.4.2}{ssmMoveToORP}{section.a.E.4}% 165
\BOOKMARK [3][-]{subsubsection.a.E.4.2.1}{MoveToORPType Theory: Type Definitions}{subsection.a.E.4.2}% 166
\BOOKMARK [3][-]{subsubsection.a.E.4.2.2}{MoveToORPDef Theory: Authentication \046 Authorization Definitions}{subsection.a.E.4.2}% 167
\BOOKMARK [3][-]{subsubsection.a.E.4.2.3}{ssmMoveToORP Theory: Theorems}{subsection.a.E.4.2}% 168
\BOOKMARK [2][-]{subsection.a.E.4.3}{ssmConductORP}{section.a.E.4}% 169
\BOOKMARK [3][-]{subsubsection.a.E.4.3.1}{ConductORPType Theory: Type Definitions}{subsection.a.E.4.3}% 170
\BOOKMARK [3][-]{subsubsection.a.E.4.3.2}{ConductORPDef Theory: Authentication \046 Authorization Definitions}{subsection.a.E.4.3}% 171
\BOOKMARK [3][-]{subsubsection.a.E.4.3.3}{ssmConductORP Theory: Theorems}{subsection.a.E.4.3}% 172
\BOOKMARK [2][-]{subsection.a.E.4.4}{ssmMoveToPB}{section.a.E.4}% 173
\BOOKMARK [3][-]{subsubsection.a.E.4.4.1}{MoveToPBType Theory: Type Definitions}{subsection.a.E.4.4}% 174
\BOOKMARK [3][-]{subsubsection.a.E.4.4.2}{MoveToPBDef Theory: Authentication \046 Authorization Definitions}{subsection.a.E.4.4}% 175
\BOOKMARK [3][-]{subsubsection.a.E.4.4.3}{ssmMoveToPB Theory: Theorems}{subsection.a.E.4.4}% 176
\BOOKMARK [2][-]{subsection.a.E.4.5}{ssmConductPB}{section.a.E.4}% 177
\BOOKMARK [3][-]{subsubsection.a.E.4.5.1}{ConductPBType Theory: Type Definitions}{subsection.a.E.4.5}% 178
\BOOKMARK [3][-]{subsubsection.a.E.4.5.2}{ConductPBDef Theory: Authentication \046 Authorization Definitions}{subsection.a.E.4.5}% 179
\BOOKMARK [3][-]{subsubsection.a.E.4.5.3}{ssmConductPB Theory: Theorems}{subsection.a.E.4.5}% 180
\BOOKMARK [1][-]{section.a.E.5}{Vertical Slice}{Appendix.a.E}% 181
\BOOKMARK [2][-]{subsection.a.E.5.1}{ssmSecureHalt}{section.a.E.5}% 182
\BOOKMARK [3][-]{subsubsection.a.E.5.1.1}{SecureHaltType Theory: Type Definitions}{subsection.a.E.5.1}% 183
\BOOKMARK [3][-]{subsubsection.a.E.5.1.2}{SecureHaltDef Theory: Authentication \046 Authorization Definitions}{subsection.a.E.5.1}% 184
\BOOKMARK [3][-]{subsubsection.a.E.5.1.3}{ssmSecureHalt Theory: Theorems}{subsection.a.E.5.1}% 185
\BOOKMARK [2][-]{subsection.a.E.5.2}{ssmORPRecon}{section.a.E.5}% 186
\BOOKMARK [3][-]{subsubsection.a.E.5.2.1}{ORPReconType Theory: Type Definitions}{subsection.a.E.5.2}% 187
\BOOKMARK [3][-]{subsubsection.a.E.5.2.2}{ORPReconDef Theory: Authentication \046 Authorization Definitions}{subsection.a.E.5.2}% 188
\BOOKMARK [3][-]{subsubsection.a.E.5.2.3}{ssmORPRecon Theory: Theorems}{subsection.a.E.5.2}% 189
\BOOKMARK [2][-]{subsection.a.E.5.3}{ssmMoveToORP4L}{section.a.E.5}% 190
\BOOKMARK [3][-]{subsubsection.a.E.5.3.1}{MoveToORP4LType Theory: Type Definitions}{subsection.a.E.5.3}% 191
\BOOKMARK [3][-]{subsubsection.a.E.5.3.2}{MoveToORP4LDef Theory: Authentication \046 Authorization Definitions}{subsection.a.E.5.3}% 192
\BOOKMARK [3][-]{subsubsection.a.E.5.3.3}{ssmMoveToORP4L Theory: Theorems}{subsection.a.E.5.3}% 193
\BOOKMARK [2][-]{subsection.a.E.5.4}{ssmFormRT}{section.a.E.5}% 194
\BOOKMARK [3][-]{subsubsection.a.E.5.4.1}{FormRTType Theory: Type Definitions}{subsection.a.E.5.4}% 195
\BOOKMARK [3][-]{subsubsection.a.E.5.4.2}{FormRTDef Theory: Authentication \046 Authorization Definitions}{subsection.a.E.5.4}% 196
\BOOKMARK [3][-]{subsubsection.a.E.5.4.3}{ssmFormRT Theory: Theorems}{subsection.a.E.5.4}% 197
\BOOKMARK [0][-]{Appendix.a.F}{Map of The File Folder Structure}{}% 198
\BOOKMARK [0][-]{chapter*.65}{References}{}% 199
